TN:
SF:src\Modules\Interface\Entity.ts
FN:8,Entity
FNF:1
FNH:1
FNDA:15,Entity
DA:1,1
DA:2,1
DA:3,1
DA:4,1
DA:5,1
DA:6,1
DA:7,1
DA:8,1
DA:9,15
DA:10,15
DA:11,15
DA:12,15
DA:13,1
LF:13
LH:13
BRDA:8,0,0,15
BRDA:10,1,0,0
BRF:2
BRH:1
end_of_record
TN:
SF:src\Modules\Message\Repository\In-memory\MessageRepositoryInMemory.ts
FN:9,MessageRepositoryInMemory
FN:14,create
FN:32,findOne
FN:56,findAll
FNF:4
FNH:4
FNDA:3,MessageRepositoryInMemory
FNDA:5,create
FNDA:5,findOne
FNDA:1,findAll
DA:1,1
DA:2,1
DA:3,1
DA:4,1
DA:5,1
DA:6,1
DA:7,1
DA:8,1
DA:9,1
DA:10,3
DA:11,3
DA:12,3
DA:13,1
DA:14,1
DA:15,5
DA:16,5
DA:17,5
DA:18,5
DA:19,5
DA:20,5
DA:21,5
DA:22,5
DA:23,5
DA:24,5
DA:25,5
DA:26,5
DA:27,5
DA:28,5
DA:29,5
DA:30,5
DA:31,1
DA:32,1
DA:33,5
DA:34,5
DA:35,5
DA:36,5
DA:37,5
DA:38,5
DA:39,0
DA:40,0
DA:41,0
DA:42,5
DA:43,5
DA:44,5
DA:45,5
DA:46,5
DA:47,5
DA:48,5
DA:49,5
DA:50,5
DA:51,5
DA:52,5
DA:53,5
DA:54,5
DA:55,1
DA:56,1
DA:57,1
DA:58,1
DA:59,1
DA:60,1
DA:61,1
DA:62,1
DA:63,3
DA:64,3
DA:65,3
DA:66,3
DA:67,3
DA:68,3
DA:69,3
DA:70,3
DA:71,3
DA:72,3
DA:73,3
DA:74,3
DA:75,3
DA:76,1
DA:77,1
DA:78,1
DA:79,1
DA:80,1
LF:80
LH:77
BRDA:9,0,0,3
BRDA:14,1,0,5
BRDA:32,2,0,5
BRDA:38,3,0,0
BRDA:36,4,0,8
BRDA:56,5,0,1
BRDA:62,6,0,3
BRDA:62,7,0,3
BRF:8
BRH:7
end_of_record
TN:
SF:src\Modules\Message\Services\useCases\CreateMessage\CreateMessageUseCase.ts
FN:5,CreateMessageUseCase
FN:7,execute
FNF:2
FNH:2
FNDA:1,CreateMessageUseCase
FNDA:1,execute
DA:1,1
DA:2,1
DA:3,1
DA:4,1
DA:5,1
DA:6,1
DA:7,1
DA:8,1
DA:9,1
DA:10,1
DA:11,1
DA:12,1
DA:13,1
LF:13
LH:13
BRDA:5,0,0,1
BRDA:7,1,0,1
BRF:2
BRH:2
end_of_record
TN:
SF:src\Modules\Message\Services\useCases\FindAllMessages\FindAllMessagesUseCase.ts
FN:5,FindAllMessagesUseCase
FN:7,execute
FNF:2
FNH:2
FNDA:1,FindAllMessagesUseCase
FNDA:1,execute
DA:1,1
DA:2,1
DA:3,1
DA:4,1
DA:5,1
DA:6,1
DA:7,1
DA:8,1
DA:9,1
DA:10,1
DA:11,1
DA:12,1
DA:13,1
DA:14,1
DA:15,1
LF:15
LH:15
BRDA:5,0,0,1
BRDA:7,1,0,1
BRF:2
BRH:2
end_of_record
TN:
SF:src\Modules\Message\Services\useCases\FindOneMessage\FindOneMessageUseCase.ts
FN:5,FindOneMessageUseCase
FN:7,execute
FNF:2
FNH:2
FNDA:1,FindOneMessageUseCase
FNDA:1,execute
DA:1,1
DA:2,1
DA:3,1
DA:4,1
DA:5,1
DA:6,1
DA:7,1
DA:8,1
DA:9,1
DA:10,1
DA:11,1
DA:12,1
DA:13,1
DA:14,0
DA:15,0
DA:16,0
DA:17,1
DA:18,1
DA:19,1
DA:20,1
DA:21,1
LF:21
LH:18
BRDA:5,0,0,1
BRDA:7,1,0,1
BRDA:13,2,0,0
BRF:3
BRH:2
end_of_record
TN:
SF:src\Modules\Message\model\message.ts
FN:11,Message
FN:16,create
FNF:2
FNH:2
FNDA:5,Message
FNDA:5,create
DA:1,1
DA:2,1
DA:3,1
DA:4,1
DA:5,1
DA:6,1
DA:7,1
DA:8,1
DA:9,1
DA:10,1
DA:11,1
DA:12,5
DA:13,5
DA:14,5
DA:15,1
DA:16,1
DA:17,5
DA:18,5
DA:19,5
DA:20,5
DA:21,1
LF:21
LH:21
BRDA:11,0,0,5
BRDA:16,1,0,5
BRF:2
BRH:2
end_of_record
TN:
SF:src\Modules\Sub\Repository\In-memory\SubRepositoryInMemory.ts
FN:8,SubRepositoryInMemory
FN:13,create
FN:32,findOne
FN:60,findAll
FNF:4
FNH:4
FNDA:3,SubRepositoryInMemory
FNDA:5,create
FNDA:5,findOne
FNDA:1,findAll
DA:1,1
DA:2,1
DA:3,1
DA:4,1
DA:5,1
DA:6,1
DA:7,1
DA:8,1
DA:9,3
DA:10,3
DA:11,3
DA:12,1
DA:13,1
DA:14,5
DA:15,5
DA:16,5
DA:17,5
DA:18,5
DA:19,5
DA:20,5
DA:21,5
DA:22,5
DA:23,5
DA:24,5
DA:25,5
DA:26,5
DA:27,5
DA:28,5
DA:29,5
DA:30,5
DA:31,1
DA:32,1
DA:33,5
DA:34,5
DA:35,5
DA:36,5
DA:37,5
DA:38,5
DA:39,0
DA:40,0
DA:41,0
DA:42,5
DA:43,5
DA:44,5
DA:45,5
DA:46,5
DA:47,5
DA:48,5
DA:49,5
DA:50,5
DA:51,5
DA:52,5
DA:53,5
DA:54,5
DA:55,5
DA:56,5
DA:57,5
DA:58,5
DA:59,1
DA:60,1
DA:61,1
DA:62,1
DA:63,1
DA:64,1
DA:65,1
DA:66,1
DA:67,3
DA:68,3
DA:69,3
DA:70,3
DA:71,3
DA:72,3
DA:73,3
DA:74,3
DA:75,3
DA:76,3
DA:77,3
DA:78,3
DA:79,3
DA:80,3
DA:81,3
DA:82,1
DA:83,1
DA:84,1
DA:85,1
DA:86,1
LF:86
LH:83
BRDA:8,0,0,3
BRDA:13,1,0,5
BRDA:32,2,0,5
BRDA:38,3,0,0
BRDA:36,4,0,8
BRDA:60,5,0,1
BRDA:66,6,0,3
BRDA:66,7,0,3
BRF:8
BRH:7
end_of_record
TN:
SF:src\Modules\Sub\Services\useCases\CreateSub\CreateSubUseCase.ts
FN:6,CreateSubUseCase
FN:8,execute
FNF:2
FNH:2
FNDA:1,CreateSubUseCase
FNDA:1,execute
DA:1,1
DA:2,1
DA:3,1
DA:4,1
DA:5,1
DA:6,1
DA:7,1
DA:8,1
DA:9,1
DA:10,1
DA:11,1
DA:12,1
DA:13,1
DA:14,1
LF:14
LH:14
BRDA:6,0,0,1
BRDA:8,1,0,1
BRF:2
BRH:2
end_of_record
TN:
SF:src\Modules\Sub\Services\useCases\FindAllSubs\FindAllSubsUseCase.ts
FN:6,FindAllSubsUseCase
FN:8,execute
FNF:2
FNH:1
FNDA:1,FindAllSubsUseCase
FNDA:0,execute
DA:1,1
DA:2,1
DA:3,1
DA:4,1
DA:5,1
DA:6,1
DA:7,1
DA:8,1
DA:9,0
DA:10,0
DA:11,0
DA:12,0
DA:13,0
DA:14,0
DA:15,0
DA:16,1
LF:16
LH:9
BRDA:6,0,0,1
BRF:1
BRH:1
end_of_record
TN:
SF:src\Modules\Sub\Services\useCases\FindOneSub\FindOneSubUseCase.ts
FN:5,FindOneSubUseCase
FN:7,execute
FNF:2
FNH:2
FNDA:1,FindOneSubUseCase
FNDA:1,execute
DA:1,1
DA:2,1
DA:3,1
DA:4,1
DA:5,1
DA:6,1
DA:7,1
DA:8,1
DA:9,1
DA:10,1
DA:11,1
DA:12,1
DA:13,1
DA:14,0
DA:15,0
DA:16,0
DA:17,1
DA:18,1
DA:19,1
DA:20,1
LF:20
LH:17
BRDA:5,0,0,1
BRDA:7,1,0,1
BRDA:13,2,0,0
BRF:3
BRH:2
end_of_record
TN:
SF:src\Modules\Sub\model\sub.ts
FN:13,Sub
FN:19,create
FNF:2
FNH:2
FNDA:5,Sub
FNDA:5,create
DA:1,1
DA:2,1
DA:3,1
DA:4,1
DA:5,1
DA:6,1
DA:7,1
DA:8,1
DA:9,1
DA:10,1
DA:11,1
DA:12,1
DA:13,1
DA:14,5
DA:15,5
DA:16,5
DA:17,5
DA:18,1
DA:19,1
DA:20,5
DA:21,5
DA:22,5
DA:23,5
DA:24,1
LF:24
LH:24
BRDA:13,0,0,5
BRDA:19,1,0,5
BRF:2
BRH:2
end_of_record
TN:
SF:src\Modules\User\model\user.ts
FN:11,User
FN:16,create
FNF:2
FNH:2
FNDA:5,User
FNDA:5,create
DA:1,1
DA:2,1
DA:3,1
DA:4,1
DA:5,1
DA:6,1
DA:7,1
DA:8,1
DA:9,1
DA:10,1
DA:11,1
DA:12,5
DA:13,5
DA:14,5
DA:15,1
DA:16,1
DA:17,5
DA:18,5
DA:19,5
DA:20,5
DA:21,1
LF:21
LH:21
BRDA:11,0,0,5
BRDA:16,1,0,5
BRF:2
BRH:2
end_of_record
TN:
SF:src\Modules\User\repository\In-memory\UserRepositoryInMemory.ts
FN:9,UserRepositoryInMemory
FN:14,create
FN:35,findOne
FN:59,findAll
FNF:4
FNH:4
FNDA:3,UserRepositoryInMemory
FNDA:5,create
FNDA:5,findOne
FNDA:1,findAll
DA:1,1
DA:2,1
DA:3,1
DA:4,1
DA:5,1
DA:6,1
DA:7,1
DA:8,1
DA:9,1
DA:10,3
DA:11,3
DA:12,3
DA:13,1
DA:14,1
DA:15,5
DA:16,5
DA:17,5
DA:18,5
DA:19,5
DA:20,5
DA:21,5
DA:22,5
DA:23,5
DA:24,5
DA:25,5
DA:26,5
DA:27,5
DA:28,5
DA:29,5
DA:30,5
DA:31,5
DA:32,5
DA:33,5
DA:34,1
DA:35,1
DA:36,5
DA:37,5
DA:38,5
DA:39,5
DA:40,5
DA:41,5
DA:42,0
DA:43,0
DA:44,0
DA:45,5
DA:46,5
DA:47,5
DA:48,5
DA:49,5
DA:50,5
DA:51,5
DA:52,5
DA:53,5
DA:54,5
DA:55,5
DA:56,5
DA:57,5
DA:58,1
DA:59,1
DA:60,1
DA:61,1
DA:62,1
DA:63,1
DA:64,1
DA:65,1
DA:66,1
DA:67,3
DA:68,3
DA:69,3
DA:70,3
DA:71,3
DA:72,3
DA:73,3
DA:74,3
DA:75,3
DA:76,3
DA:77,3
DA:78,3
DA:79,3
DA:80,1
DA:81,1
DA:82,1
DA:83,1
DA:84,1
LF:84
LH:81
BRDA:9,0,0,3
BRDA:14,1,0,5
BRDA:35,2,0,5
BRDA:41,3,0,0
BRDA:39,4,0,8
BRDA:59,5,0,1
BRDA:66,6,0,3
BRDA:66,7,0,3
BRF:8
BRH:7
end_of_record
TN:
SF:src\Modules\User\services\useCases\CreateUser\CreateUserUseCase.ts
FN:5,CreateUserUseCase
FN:7,execute
FNF:2
FNH:2
FNDA:1,CreateUserUseCase
FNDA:1,execute
DA:1,1
DA:2,1
DA:3,1
DA:4,1
DA:5,1
DA:6,1
DA:7,1
DA:8,1
DA:9,1
DA:10,1
DA:11,1
DA:12,1
DA:13,1
DA:14,1
DA:15,1
LF:15
LH:15
BRDA:5,0,0,1
BRDA:7,1,0,1
BRF:2
BRH:2
end_of_record
TN:
SF:src\Modules\User\services\useCases\FindAllUsers\FindAllUsersUseCase.ts
FN:5,FindAllUsersUseCase
FN:7,execute
FNF:2
FNH:1
FNDA:1,FindAllUsersUseCase
FNDA:0,execute
DA:1,1
DA:2,1
DA:3,1
DA:4,1
DA:5,1
DA:6,1
DA:7,1
DA:8,0
DA:9,0
DA:10,0
DA:11,0
DA:12,0
DA:13,0
DA:14,0
DA:15,1
LF:15
LH:8
BRDA:5,0,0,1
BRF:1
BRH:1
end_of_record
TN:
SF:src\Modules\User\services\useCases\FindOneUser\FindOneUserUseCase.ts
FN:5,FindOneUserUseCase
FN:7,execute
FNF:2
FNH:2
FNDA:1,FindOneUserUseCase
FNDA:1,execute
DA:1,1
DA:2,1
DA:3,1
DA:4,1
DA:5,1
DA:6,1
DA:7,1
DA:8,1
DA:9,1
DA:10,1
DA:11,1
DA:12,1
DA:13,1
DA:14,0
DA:15,0
DA:16,0
DA:17,1
DA:18,1
DA:19,1
DA:20,1
LF:20
LH:17
BRDA:5,0,0,1
BRDA:7,1,0,1
BRDA:13,2,0,0
BRF:3
BRH:2
end_of_record
