TN:
SF:src\Modules\Interface\Entity.ts
FN:8,Entity
FNF:1
FNH:1
FNDA:18,Entity
DA:1,1
DA:2,1
DA:3,1
DA:4,1
DA:5,1
DA:6,1
DA:7,1
DA:8,1
DA:9,18
DA:10,18
DA:11,18
DA:12,18
DA:13,1
LF:13
LH:13
BRDA:8,0,0,18
BRDA:10,1,0,0
BRF:2
BRH:1
end_of_record
TN:
SF:src\Modules\Message\Repository\In-memory\MessageRepositoryInMemory.ts
FN:9,MessageRepositoryInMemory
FN:14,create
FN:32,findOne
FN:56,findAll
FN:81,removeLastMessage
FNF:5
FNH:5
FNDA:4,MessageRepositoryInMemory
FNDA:8,create
FNDA:7,findOne
FNDA:2,findAll
FNDA:1,removeLastMessage
DA:1,1
DA:2,1
DA:3,1
DA:4,1
DA:5,1
DA:6,1
DA:7,1
DA:8,1
DA:9,1
DA:10,4
DA:11,4
DA:12,4
DA:13,1
DA:14,1
DA:15,8
DA:16,8
DA:17,8
DA:18,8
DA:19,8
DA:20,8
DA:21,8
DA:22,8
DA:23,8
DA:24,8
DA:25,8
DA:26,8
DA:27,8
DA:28,8
DA:29,8
DA:30,8
DA:31,1
DA:32,1
DA:33,7
DA:34,7
DA:35,7
DA:36,7
DA:37,7
DA:38,7
DA:39,0
DA:40,0
DA:41,0
DA:42,7
DA:43,7
DA:44,7
DA:45,7
DA:46,7
DA:47,7
DA:48,7
DA:49,7
DA:50,7
DA:51,7
DA:52,7
DA:53,7
DA:54,7
DA:55,1
DA:56,1
DA:57,2
DA:58,2
DA:59,2
DA:60,2
DA:61,2
DA:62,2
DA:63,5
DA:64,5
DA:65,5
DA:66,5
DA:67,5
DA:68,5
DA:69,5
DA:70,5
DA:71,5
DA:72,5
DA:73,5
DA:74,5
DA:75,5
DA:76,2
DA:77,2
DA:78,2
DA:79,2
DA:80,1
DA:81,1
DA:82,1
DA:83,1
DA:84,1
DA:85,1
DA:86,1
DA:87,1
DA:88,1
DA:89,1
DA:90,1
DA:91,1
DA:92,1
DA:93,1
DA:94,1
DA:95,1
LF:95
LH:92
BRDA:9,0,0,4
BRDA:14,1,0,8
BRDA:32,2,0,7
BRDA:38,3,0,0
BRDA:36,4,0,13
BRDA:56,5,0,2
BRDA:62,6,0,5
BRDA:62,7,0,5
BRDA:81,8,0,1
BRDA:89,9,0,3
BRF:10
BRH:9
end_of_record
TN:
SF:src\Modules\Message\Services\useCases\CreateMessage\CreateMessageUseCase.ts
FN:5,CreateMessageUseCase
FN:7,execute
FNF:2
FNH:2
FNDA:1,CreateMessageUseCase
FNDA:1,execute
DA:1,1
DA:2,1
DA:3,1
DA:4,1
DA:5,1
DA:6,1
DA:7,1
DA:8,1
DA:9,1
DA:10,1
DA:11,1
DA:12,1
DA:13,1
LF:13
LH:13
BRDA:5,0,0,1
BRDA:7,1,0,1
BRF:2
BRH:2
end_of_record
TN:
SF:src\Modules\Message\Services\useCases\FindAllMessages\FindAllMessagesUseCase.ts
FN:5,FindAllMessagesUseCase
FN:7,execute
FNF:2
FNH:2
FNDA:1,FindAllMessagesUseCase
FNDA:1,execute
DA:1,1
DA:2,1
DA:3,1
DA:4,1
DA:5,1
DA:6,1
DA:7,1
DA:8,1
DA:9,1
DA:10,1
DA:11,1
DA:12,1
DA:13,1
DA:14,1
DA:15,1
LF:15
LH:15
BRDA:5,0,0,1
BRDA:7,1,0,1
BRF:2
BRH:2
end_of_record
TN:
SF:src\Modules\Message\Services\useCases\FindOneMessage\FindOneMessageUseCase.ts
FN:5,FindOneMessageUseCase
FN:7,execute
FNF:2
FNH:2
FNDA:1,FindOneMessageUseCase
FNDA:1,execute
DA:1,1
DA:2,1
DA:3,1
DA:4,1
DA:5,1
DA:6,1
DA:7,1
DA:8,1
DA:9,1
DA:10,1
DA:11,1
DA:12,1
DA:13,1
DA:14,0
DA:15,0
DA:16,0
DA:17,1
DA:18,1
DA:19,1
DA:20,1
DA:21,1
LF:21
LH:18
BRDA:5,0,0,1
BRDA:7,1,0,1
BRDA:13,2,0,0
BRF:3
BRH:2
end_of_record
TN:
SF:src\Modules\Message\Services\useCases\RemoveLastMessage\RemoveLastMessageUseCase.ts
FN:5,RemoveLastMessageUseCase
FN:7,execute
FNF:2
FNH:2
FNDA:1,RemoveLastMessageUseCase
FNDA:1,execute
DA:1,1
DA:2,1
DA:3,1
DA:4,1
DA:5,1
DA:6,1
DA:7,1
DA:8,1
DA:9,1
DA:10,1
DA:11,1
DA:12,1
DA:13,1
LF:13
LH:13
BRDA:5,0,0,1
BRDA:7,1,0,1
BRF:2
BRH:2
end_of_record
TN:
SF:src\Modules\Message\model\message.ts
FN:11,Message
FN:16,create
FNF:2
FNH:2
FNDA:8,Message
FNDA:8,create
DA:1,1
DA:2,1
DA:3,1
DA:4,1
DA:5,1
DA:6,1
DA:7,1
DA:8,1
DA:9,1
DA:10,1
DA:11,1
DA:12,8
DA:13,8
DA:14,8
DA:15,1
DA:16,1
DA:17,8
DA:18,8
DA:19,8
DA:20,8
DA:21,1
LF:21
LH:21
BRDA:11,0,0,8
BRDA:16,1,0,8
BRF:2
BRH:2
end_of_record
TN:
SF:src\Modules\Sub\Repository\In-memory\SubRepositoryInMemory.ts
FN:8,SubRepositoryInMemory
FN:13,create
FN:32,findOne
FN:60,findAll
FN:87,updateActiveProps
FN:99,updateLastMessage
FNF:6
FNH:5
FNDA:3,SubRepositoryInMemory
FNDA:5,create
FNDA:6,findOne
FNDA:1,findAll
FNDA:1,updateActiveProps
FNDA:0,updateLastMessage
DA:1,1
DA:2,1
DA:3,1
DA:4,1
DA:5,1
DA:6,1
DA:7,1
DA:8,1
DA:9,3
DA:10,3
DA:11,3
DA:12,1
DA:13,1
DA:14,5
DA:15,5
DA:16,5
DA:17,5
DA:18,5
DA:19,5
DA:20,5
DA:21,5
DA:22,5
DA:23,5
DA:24,5
DA:25,5
DA:26,5
DA:27,5
DA:28,5
DA:29,5
DA:30,5
DA:31,1
DA:32,1
DA:33,6
DA:34,6
DA:35,6
DA:36,6
DA:37,6
DA:38,6
DA:39,0
DA:40,0
DA:41,0
DA:42,6
DA:43,6
DA:44,6
DA:45,6
DA:46,6
DA:47,6
DA:48,6
DA:49,6
DA:50,6
DA:51,6
DA:52,6
DA:53,6
DA:54,6
DA:55,6
DA:56,6
DA:57,6
DA:58,6
DA:59,1
DA:60,1
DA:61,1
DA:62,1
DA:63,1
DA:64,1
DA:65,1
DA:66,1
DA:67,3
DA:68,3
DA:69,3
DA:70,3
DA:71,3
DA:72,3
DA:73,3
DA:74,3
DA:75,3
DA:76,3
DA:77,3
DA:78,3
DA:79,3
DA:80,3
DA:81,3
DA:82,1
DA:83,1
DA:84,1
DA:85,1
DA:86,1
DA:87,1
DA:88,1
DA:89,1
DA:90,1
DA:91,1
DA:92,1
DA:93,1
DA:94,0
DA:95,0
DA:96,0
DA:97,1
DA:98,1
DA:99,1
DA:100,0
DA:101,0
DA:102,0
DA:103,0
DA:104,0
DA:105,0
DA:106,0
DA:107,0
DA:108,0
DA:109,0
DA:110,1
LF:110
LH:94
BRDA:8,0,0,3
BRDA:13,1,0,5
BRDA:32,2,0,6
BRDA:38,3,0,0
BRDA:36,4,0,9
BRDA:60,5,0,1
BRDA:66,6,0,3
BRDA:66,7,0,3
BRDA:87,8,0,1
BRDA:93,9,0,0
BRDA:91,10,0,1
BRF:11
BRH:9
end_of_record
TN:
SF:src\Modules\Sub\Services\useCases\FindAllSubs\FindAllSubsUseCase.ts
FN:6,FindAllSubsUseCase
FN:8,execute
FNF:2
FNH:1
FNDA:1,FindAllSubsUseCase
FNDA:0,execute
DA:1,1
DA:2,1
DA:3,1
DA:4,1
DA:5,1
DA:6,1
DA:7,1
DA:8,1
DA:9,0
DA:10,0
DA:11,0
DA:12,0
DA:13,0
DA:14,0
DA:15,0
DA:16,1
LF:16
LH:9
BRDA:6,0,0,1
BRF:1
BRH:1
end_of_record
TN:
SF:src\Modules\Sub\Services\useCases\FindOneSub\FindOneSubUseCase.ts
FN:5,FindOneSubUseCase
FN:7,execute
FNF:2
FNH:2
FNDA:1,FindOneSubUseCase
FNDA:1,execute
DA:1,1
DA:2,1
DA:3,1
DA:4,1
DA:5,1
DA:6,1
DA:7,1
DA:8,1
DA:9,1
DA:10,1
DA:11,1
DA:12,1
DA:13,1
DA:14,0
DA:15,0
DA:16,0
DA:17,1
DA:18,1
DA:19,1
DA:20,1
LF:20
LH:17
BRDA:5,0,0,1
BRDA:7,1,0,1
BRDA:13,2,0,0
BRF:3
BRH:2
end_of_record
TN:
SF:src\Modules\Sub\Services\useCases\UpdateActiveProps\UpdateActivePropsUseCase.ts
FN:5,UpdateActivePropsUseCase
FN:7,execute
FNF:2
FNH:2
FNDA:1,UpdateActivePropsUseCase
FNDA:1,execute
DA:1,1
DA:2,1
DA:3,1
DA:4,1
DA:5,1
DA:6,1
DA:7,1
DA:8,1
DA:9,1
DA:10,1
DA:11,1
DA:12,1
DA:13,1
LF:13
LH:13
BRDA:5,0,0,1
BRDA:7,1,0,1
BRF:2
BRH:2
end_of_record
TN:
SF:src\Modules\Sub\model\sub.ts
FN:13,Sub
FN:19,create
FNF:2
FNH:2
FNDA:5,Sub
FNDA:5,create
DA:1,1
DA:2,1
DA:3,1
DA:4,1
DA:5,1
DA:6,1
DA:7,1
DA:8,1
DA:9,1
DA:10,1
DA:11,1
DA:12,1
DA:13,1
DA:14,5
DA:15,5
DA:16,5
DA:17,5
DA:18,1
DA:19,1
DA:20,5
DA:21,5
DA:22,5
DA:23,5
DA:24,1
LF:24
LH:24
BRDA:13,0,0,5
BRDA:19,1,0,5
BRF:2
BRH:2
end_of_record
TN:
SF:src\Modules\User\model\user.ts
FN:11,User
FN:16,create
FNF:2
FNH:2
FNDA:5,User
FNDA:5,create
DA:1,1
DA:2,1
DA:3,1
DA:4,1
DA:5,1
DA:6,1
DA:7,1
DA:8,1
DA:9,1
DA:10,1
DA:11,1
DA:12,5
DA:13,5
DA:14,5
DA:15,1
DA:16,1
DA:17,5
DA:18,5
DA:19,5
DA:20,5
DA:21,1
LF:21
LH:21
BRDA:11,0,0,5
BRDA:16,1,0,5
BRF:2
BRH:2
end_of_record
TN:
SF:src\Modules\User\repository\In-memory\UserRepositoryInMemory.ts
FN:9,UserRepositoryInMemory
FN:14,create
FN:35,findOne
FN:59,findAll
FN:85,findById
FNF:5
FNH:4
FNDA:3,UserRepositoryInMemory
FNDA:5,create
FNDA:5,findOne
FNDA:1,findAll
FNDA:0,findById
DA:1,1
DA:2,1
DA:3,1
DA:4,1
DA:5,1
DA:6,1
DA:7,1
DA:8,1
DA:9,1
DA:10,3
DA:11,3
DA:12,3
DA:13,1
DA:14,1
DA:15,5
DA:16,5
DA:17,5
DA:18,5
DA:19,5
DA:20,5
DA:21,5
DA:22,5
DA:23,5
DA:24,5
DA:25,5
DA:26,5
DA:27,5
DA:28,5
DA:29,5
DA:30,5
DA:31,5
DA:32,5
DA:33,5
DA:34,1
DA:35,1
DA:36,5
DA:37,5
DA:38,5
DA:39,5
DA:40,5
DA:41,5
DA:42,0
DA:43,0
DA:44,0
DA:45,5
DA:46,5
DA:47,5
DA:48,5
DA:49,5
DA:50,5
DA:51,5
DA:52,5
DA:53,5
DA:54,5
DA:55,5
DA:56,5
DA:57,5
DA:58,1
DA:59,1
DA:60,1
DA:61,1
DA:62,1
DA:63,1
DA:64,1
DA:65,1
DA:66,1
DA:67,3
DA:68,3
DA:69,3
DA:70,3
DA:71,3
DA:72,3
DA:73,3
DA:74,3
DA:75,3
DA:76,3
DA:77,3
DA:78,3
DA:79,3
DA:80,1
DA:81,1
DA:82,1
DA:83,1
DA:84,1
DA:85,1
DA:86,0
DA:87,0
DA:88,0
DA:89,0
DA:90,0
DA:91,0
DA:92,0
DA:93,0
DA:94,0
DA:95,0
DA:96,0
DA:97,0
DA:98,0
DA:99,0
DA:100,0
DA:101,0
DA:102,0
DA:103,0
DA:104,0
DA:105,0
DA:106,0
DA:107,0
DA:108,0
DA:109,0
DA:110,1
LF:110
LH:83
BRDA:9,0,0,3
BRDA:14,1,0,5
BRDA:35,2,0,5
BRDA:41,3,0,0
BRDA:39,4,0,8
BRDA:59,5,0,1
BRDA:66,6,0,3
BRDA:66,7,0,3
BRF:8
BRH:7
end_of_record
TN:
SF:src\Modules\User\services\useCases\FindAllUsers\FindAllUsersUseCase.ts
FN:5,FindAllUsersUseCase
FN:7,execute
FNF:2
FNH:1
FNDA:1,FindAllUsersUseCase
FNDA:0,execute
DA:1,1
DA:2,1
DA:3,1
DA:4,1
DA:5,1
DA:6,1
DA:7,1
DA:8,0
DA:9,0
DA:10,0
DA:11,0
DA:12,0
DA:13,0
DA:14,0
DA:15,1
LF:15
LH:8
BRDA:5,0,0,1
BRF:1
BRH:1
end_of_record
TN:
SF:src\Modules\User\services\useCases\FindOneUser\FindOneUserUseCase.ts
FN:5,FindOneUserUseCase
FN:7,execute
FNF:2
FNH:2
FNDA:1,FindOneUserUseCase
FNDA:1,execute
DA:1,1
DA:2,1
DA:3,1
DA:4,1
DA:5,1
DA:6,1
DA:7,1
DA:8,1
DA:9,1
DA:10,1
DA:11,1
DA:12,1
DA:13,1
DA:14,0
DA:15,0
DA:16,0
DA:17,1
DA:18,1
DA:19,1
DA:20,1
LF:20
LH:17
BRDA:5,0,0,1
BRDA:7,1,0,1
BRDA:13,2,0,0
BRF:3
BRH:2
end_of_record
TN:
SF:src\Modules\User\services\useCases\Token\Auth\CreateUserAuthTokenUseCase.ts
FN:19,CreateUserAuthTokenUseCase
FN:21,execute
FNF:2
FNH:2
FNDA:1,CreateUserAuthTokenUseCase
FNDA:1,execute
DA:1,1
DA:2,1
DA:3,1
DA:4,1
DA:5,1
DA:6,1
DA:7,1
DA:8,1
DA:9,1
DA:10,1
DA:11,1
DA:12,1
DA:13,1
DA:14,1
DA:15,1
DA:16,1
DA:17,1
DA:18,1
DA:19,1
DA:20,1
DA:21,1
DA:22,1
DA:23,1
DA:24,1
DA:25,1
DA:26,1
DA:27,1
DA:28,0
DA:29,0
DA:30,0
DA:31,1
DA:32,1
DA:33,1
DA:34,1
DA:35,1
DA:36,1
DA:37,0
DA:38,0
DA:39,0
DA:40,1
DA:41,1
DA:42,1
DA:43,1
DA:44,1
DA:45,1
DA:46,1
DA:47,1
DA:48,1
DA:49,1
DA:50,1
DA:51,1
DA:52,1
DA:53,1
DA:54,1
DA:55,1
DA:56,1
DA:57,1
DA:58,1
DA:59,1
DA:60,1
DA:61,1
DA:62,1
LF:62
LH:56
BRDA:19,0,0,1
BRDA:21,1,0,1
BRDA:27,2,0,0
BRDA:36,3,0,0
BRF:4
BRH:2
end_of_record
